<?xml version="1.0" encoding="UTF-8"?>
<!-- Generated by org.testng.reporters.JUnitXMLReporter -->
<testsuite hostname="zhangleideMacBook-Pro.local" ignored="2" name="用户管理" tests="2" failures="0" timestamp="2021-12-15T18:48:05 CST" time="4.263" errors="0">
  <testcase name="loginTrue" time="3.855" classname="com.tester.cases.LoginTest"/>
  <testcase name="updateUser" time="0.228" classname="com.tester.cases.UpdateUserTest"/>
  <testcase name="loginFalse" time="0.0" classname="com.tester.cases.LoginTest">
    <ignored/>
  </testcase> <!-- loginFalse -->
  <testcase name="deleteUser" time="0.0" classname="com.tester.cases.UpdateUserTest">
    <ignored/>
  </testcase> <!-- deleteUser -->
</testsuite> <!-- 用户管理 -->
